<?xml version="1.0" encoding="utf-8" standalone="no"?>
<test-results xmlns:xsi="http://www.w3.org/2001/XMLSchema-instance" xsi:noNamespaceSchemaLocation="nunit_schema_2.5.xsd" name="Pester" total="38" errors="0" failures="0" not-run="0" inconclusive="0" ignored="0" skipped="0" invalid="0" date="2019-11-10" time="15:36:39">
  <environment user="appveyor" machine-name="APPVYR-WIN" cwd="C:\projects\oh-my-posh" user-domain="APPVYR-WIN" platform="Microsoft Windows Server 2016 Datacenter|C:\Windows|\Device\Harddisk0\Partition4" nunit-version="2.5.8.0" os-version="10.0.14393" clr-version="4.0.30319.42000" />
  <culture-info current-culture="en-US" current-uiculture="en-US" />
  <test-suite type="Powershell" name="Pester" executed="True" result="Success" success="True" time="16.0115" asserts="0">
    <results>
      <test-suite type="TestFixture" name="Test-GetBranchSymbol" executed="True" result="Success" success="True" time="9.3934" asserts="0" description="Test-GetBranchSymbol">
        <results>
          <test-case description="Has Enabled set to False" name="Test-GetBranchSymbol.Has Enabled set to False" time="8.324" asserts="0" success="True" result="Success" executed="True" />
          <test-case description="Has has no upstream" name="Test-GetBranchSymbol.Has has no upstream" time="0.1495" asserts="0" success="True" result="Success" executed="True" />
          <test-case description="Uses GitHub" name="Test-GetBranchSymbol.Uses GitHub" time="0.3913" asserts="0" success="True" result="Success" executed="True" />
          <test-case description="Uses GitLab" name="Test-GetBranchSymbol.Uses GitLab" time="0.1626" asserts="0" success="True" result="Success" executed="True" />
          <test-case description="Uses BitBucket" name="Test-GetBranchSymbol.Uses BitBucket" time="0.1475" asserts="0" success="True" result="Success" executed="True" />
          <test-case description="Uses something else" name="Test-GetBranchSymbol.Uses something else" time="0.1473" asserts="0" success="True" result="Success" executed="True" />
          <test-case description="Has no remote" name="Test-GetBranchSymbol.Has no remote" time="0.0712" asserts="0" success="True" result="Success" executed="True" />
        </results>
      </test-suite>
      <test-suite type="TestFixture" name="Test-IsVanillaWindow" executed="True" result="Success" success="True" time="1.7167" asserts="0" description="Test-IsVanillaWindow">
        <results>
          <test-case description="runs in ConEmu and outputs 'false'" name="Test-IsVanillaWindow.runs in ConEmu and outputs 'false'" time="0.4733" asserts="0" success="True" result="Success" executed="True" />
          <test-case description="runs in ConEmu and outputs 'false'" name="Test-IsVanillaWindow.runs in ConEmu and outputs 'false'" time="0.1505" asserts="0" success="True" result="Success" executed="True" />
          <test-case description="runs in an ANSI supported terminal and outputs 'false'" name="Test-IsVanillaWindow.runs in an ANSI supported terminal and outputs 'false'" time="0.1468" asserts="0" success="True" result="Success" executed="True" />
          <test-case description="runs in ConEmu and outputs 'false'" name="Test-IsVanillaWindow.runs in ConEmu and outputs 'false'" time="0.1189" asserts="0" success="True" result="Success" executed="True" />
          <test-case description="runs in cmder and outputs 'false'" name="Test-IsVanillaWindow.runs in cmder and outputs 'false'" time="0.145" asserts="0" success="True" result="Success" executed="True" />
          <test-case description="runs in cmder and conemu and outputs 'false'" name="Test-IsVanillaWindow.runs in cmder and conemu and outputs 'false'" time="0.1495" asserts="0" success="True" result="Success" executed="True" />
          <test-case description="runs in Hyper.js and outputs 'false'" name="Test-IsVanillaWindow.runs in Hyper.js and outputs 'false'" time="0.1516" asserts="0" success="True" result="Success" executed="True" />
          <test-case description="runs in vscode and outputs 'false'" name="Test-IsVanillaWindow.runs in vscode and outputs 'false'" time="0.1628" asserts="0" success="True" result="Success" executed="True" />
          <test-case description="runs in a vanilla window and outputs 'true'" name="Test-IsVanillaWindow.runs in a vanilla window and outputs 'true'" time="0.2184" asserts="0" success="True" result="Success" executed="True" />
        </results>
      </test-suite>
      <test-suite type="TestFixture" name="Get-Home" executed="True" result="Success" success="True" time="0.1812" asserts="0" description="Get-Home">
        <results>
          <test-case description="returns C:\Users\appveyor" name="Get-Home.returns C:\Users\appveyor" time="0.1812" asserts="0" success="True" result="Success" executed="True" />
        </results>
      </test-suite>
      <test-suite type="TestFixture" name="Get-Provider" executed="True" result="Success" success="True" time="0.3235" asserts="0" description="Get-Provider">
        <results>
          <test-case description="uses the provider 'AwesomeSauce'" name="Get-Provider.uses the provider 'AwesomeSauce'" time="0.3235" asserts="0" success="True" result="Success" executed="True" />
        </results>
      </test-suite>
      <test-suite type="TestFixture" name="Get-Drive" executed="True" result="Success" success="True" time="1.5278" asserts="0" description="Get-Drive">
        <results>
          <test-case description="is in the C:\Users\appveyor folder" name="Get-Drive.is in the C:\Users\appveyor folder" time="0.4523" asserts="0" success="True" result="Success" executed="True" />
          <test-case description="is somewhere in the C:\Users\appveyor folder" name="Get-Drive.is somewhere in the C:\Users\appveyor folder" time="0.1923" asserts="0" success="True" result="Success" executed="True" />
          <test-case description="is in 'Microsoft.PowerShell.Core\FileSystem::\\Test\Hello' with provider X:" name="Get-Drive.is in 'Microsoft.PowerShell.Core\FileSystem::\\Test\Hello' with provider X:" time="0.163" asserts="0" success="True" result="Success" executed="True" />
          <test-case description="is in C:" name="Get-Drive.is in C:" time="0.1552" asserts="0" success="True" result="Success" executed="True" />
          <test-case description="is has no drive" name="Get-Drive.is has no drive" time="0.1626" asserts="0" success="True" result="Success" executed="True" />
          <test-case description="is has no valid path" name="Get-Drive.is has no valid path" time="0.1665" asserts="0" success="True" result="Success" executed="True" />
          <test-case description="running outside of the Filesystem in L:" name="Get-Drive.running outside of the Filesystem in L:" time="0.2359" asserts="0" success="True" result="Success" executed="True" />
        </results>
      </test-suite>
      <test-suite type="TestFixture" name="Get-FullPath" executed="True" result="Success" success="True" time="0.5257" asserts="0" description="Get-FullPath">
        <results>
          <test-case description="is in the C:\Users\appveyor folder" name="Get-FullPath.is in the C:\Users\appveyor folder" time="0.3846" asserts="0" success="True" result="Success" executed="True" />
          <test-case description="is somewhere in the C:\Users\appveyor folder" name="Get-FullPath.is somewhere in the C:\Users\appveyor folder" time="0.1411" asserts="0" success="True" result="Success" executed="True" />
        </results>
      </test-suite>
      <test-suite type="TestFixture" name="Get-ShortPath" executed="True" result="Success" success="True" time="1.0016" asserts="0" description="Get-ShortPath">
        <results>
          <test-case description="is in the C:\Users\appveyor folder" name="Get-ShortPath.is in the C:\Users\appveyor folder" time="0.6971" asserts="0" success="True" result="Success" executed="True" />
          <test-case description="is somewhere in the C:\Users\appveyor folder" name="Get-ShortPath.is somewhere in the C:\Users\appveyor folder" time="0.3045" asserts="0" success="True" result="Success" executed="True" />
        </results>
      </test-suite>
      <test-suite type="TestFixture" name="Test-NotDefaultUser" executed="True" result="Success" success="True" time="1.3416" asserts="0" description="Test-NotDefaultUser">
        <results>
          <test-case description="same username gives 'false'" name="Test-NotDefaultUser.same username gives 'false'" time="0.31" asserts="0" success="True" result="Success" executed="True" />
          <test-case description="different username gives 'false'" name="Test-NotDefaultUser.different username gives 'false'" time="0.1044" asserts="0" success="True" result="Success" executed="True" />
          <test-case description="same username and outside VirtualEnv gives 'false'" name="Test-NotDefaultUser.same username and outside VirtualEnv gives 'false'" time="0.1122" asserts="0" success="True" result="Success" executed="True" />
          <test-case description="same username and inside VirtualEnv same default user gives 'false'" name="Test-NotDefaultUser.same username and inside VirtualEnv same default user gives 'false'" time="0.1147" asserts="0" success="True" result="Success" executed="True" />
          <test-case description="different username and inside VirtualEnv same default user gives 'true'" name="Test-NotDefaultUser.different username and inside VirtualEnv same default user gives 'true'" time="0.1936" asserts="0" success="True" result="Success" executed="True" />
          <test-case description="no username gives 'true'" name="Test-NotDefaultUser.no username gives 'true'" time="0.262" asserts="0" success="True" result="Success" executed="True" />
          <test-case description="different username gives 'true'" name="Test-NotDefaultUser.different username gives 'true'" time="0.0631" asserts="0" success="True" result="Success" executed="True" />
          <test-case description="different username and outside VirtualEnv gives 'true'" name="Test-NotDefaultUser.different username and outside VirtualEnv gives 'true'" time="0.0916" asserts="0" success="True" result="Success" executed="True" />
          <test-case description="no username and inside VirtualEnv gives 'true'" name="Test-NotDefaultUser.no username and inside VirtualEnv gives 'true'" time="0.0902" asserts="0" success="True" result="Success" executed="True" />
        </results>
      </test-suite>
    </results>
  </test-suite>
</test-results>